<?xml version="1.0" encoding="UTF-8"?>
<!-- Generated by org.testng.reporters.JUnitReportReporter -->
<testsuite hostname="fox" failures="0" tests="1" name="runner.TestRunner" time="1.675" errors="0" timestamp="01 Apr 2019 13:18:48 GMT" skipped="0">
  <testcase classname="runner.TestRunner" name="feature" time="1.675"/>
</testsuite> <!-- runner.TestRunner -->
