<?xml version="1.0" encoding="UTF-8"?>
<!-- Generated by org.testng.reporters.JUnitReportReporter -->
<testsuite hostname="DESKTOP-RC23JAH" failures="0" tests="3" name="tests.RegisterationTestCasesWithDttAndExcel" time="22.534" errors="0" timestamp="19 Mar 2019 09:47:14 GMT" skipped="0">
  <testcase classname="tests.RegisterationTestCasesWithDttAndExcel" name="registerUSer" time="8.561"/>
  <testcase classname="tests.RegisterationTestCasesWithDttAndExcel" name="registerUSer" time="6.868"/>
  <testcase classname="tests.RegisterationTestCasesWithDttAndExcel" name="registerUSer" time="7.105"/>
</testsuite> <!-- tests.RegisterationTestCasesWithDttAndExcel -->
