<?xml version="1.0" encoding="UTF-8"?>
<!-- Generated by org.testng.reporters.JUnitReportReporter -->
<testsuite hostname="FoxLap" failures="0" tests="1" name="tests.RegisterationTestCasesWithDTTandProp" time="8.715" errors="0" timestamp="18 Mar 2019 23:36:22 GMT" skipped="0">
  <testcase classname="tests.RegisterationTestCasesWithDTTandProp" name="registerUSer" time="8.715"/>
</testsuite> <!-- tests.RegisterationTestCasesWithDTTandProp -->
