<?xml version="1.0" encoding="UTF-8"?>
<!-- Generated by org.testng.reporters.JUnitReportReporter -->
<testsuite hostname="DESKTOP-RC23JAH" failures="0" tests="1" name="tests.LoginPageTestCase" time="6.047" errors="0" timestamp="18 Mar 2019 09:50:31 GMT" skipped="0">
  <testcase classname="tests.LoginPageTestCase" name="loginignWithCorrectUserCreditintials" time="6.047"/>
</testsuite> <!-- tests.LoginPageTestCase -->
