<?xml version="1.0" encoding="UTF-8"?>
<!-- Generated by org.testng.reporters.JUnitReportReporter -->
<testsuite hostname="DESKTOP-RC23JAH" failures="0" tests="2" name="tests.RegisterationTestCaseWithDDT" time="16.515" errors="0" timestamp="18 Mar 2019 13:46:49 GMT" skipped="0">
  <testcase classname="tests.RegisterationTestCaseWithDDT" name="registerUSer" time="9.351"/>
  <testcase classname="tests.RegisterationTestCaseWithDDT" name="registerUSer" time="7.164"/>
</testsuite> <!-- tests.RegisterationTestCaseWithDDT -->
