<?xml version="1.0" encoding="UTF-8"?>
<!-- Generated by org.testng.reporters.JUnitReportReporter -->
<testsuite hostname="fox" failures="0" tests="1" name="tests.RegisterationTestCases" time="8.517" errors="0" timestamp="01 Apr 2019 09:29:09 GMT" skipped="0">
  <testcase classname="tests.RegisterationTestCases" name="registerUSer" time="8.517"/>
</testsuite> <!-- tests.RegisterationTestCases -->
