<?xml version="1.0" encoding="UTF-8"?>
<!-- Generated by org.testng.reporters.JUnitReportReporter -->
<testsuite hostname="DESKTOP-RC23JAH" failures="0" tests="1" name="tests.RegisterationTestCasesDttWithCVS" time="24.391" errors="0" timestamp="20 Mar 2019 08:54:25 GMT" skipped="0">
  <testcase classname="tests.RegisterationTestCasesDttWithCVS" name="registerUSer" time="24.391"/>
</testsuite> <!-- tests.RegisterationTestCasesDttWithCVS -->
