<?xml version="1.0" encoding="UTF-8"?>
<!-- Generated by org.testng.reporters.JUnitReportReporter -->
<testsuite skipped="0" hostname="DESKTOP-RC23JAH" name="tests.FindProjectTestCase" tests="1" failures="0" timestamp="13 Mar 2019 08:00:57 GMT" time="2.350" errors="0">
  <testcase name="findTheMac" time="2.350" classname="tests.FindProjectTestCase"/>
</testsuite> <!-- tests.FindProjectTestCase -->
