<?xml version="1.0" encoding="UTF-8"?>
<!-- Generated by org.testng.reporters.JUnitReportReporter -->
<testsuite hostname="DESKTOP-RC23JAH" failures="0" tests="1" name="runner.TestRunner" time="0.188" errors="0" timestamp="31 Mar 2019 08:44:22 GMT" skipped="1">
  <testcase classname="runner.TestRunner" name="runScenario" time="0.188">
    <skipped/>
  </testcase> <!-- runScenario -->
</testsuite> <!-- runner.TestRunner -->
