<?xml version="1.0" encoding="UTF-8"?>
<!-- Generated by org.testng.reporters.JUnitReportReporter -->
<testsuite hostname="FoxLap" failures="0" tests="1" name="tests.HomePageTestCase" time="6.760" errors="0" timestamp="12 Mar 2019 17:28:01 GMT" skipped="0">
  <testcase classname="tests.HomePageTestCase" name="openRegistrationTestCase" time="6.760"/>
</testsuite> <!-- tests.HomePageTestCase -->
