<?xml version="1.0" encoding="UTF-8"?>
<!-- Generated by org.testng.reporters.JUnitReportReporter -->
<testsuite hostname="FoxLap" failures="0" tests="2" name="tests.FindProjectTestCase" time="13.445" errors="0" timestamp="13 Mar 2019 23:17:26 GMT" skipped="1">
  <testcase classname="tests.FindProjectTestCase" name="findMacAutoComplete" time="13.445"/>
  <testcase classname="tests.FindProjectTestCase" name="findTheMac">
    <skipped/>
  </testcase> <!-- findTheMac -->
</testsuite> <!-- tests.FindProjectTestCase -->
