<?xml version="1.0" encoding="UTF-8"?>
<!-- Generated by org.testng.reporters.JUnitReportReporter -->
<testsuite hostname="DESKTOP-RC23JAH" failures="0" tests="1" name="tests.RegisterationTestCasesDttWithJSON" time="9.476" errors="0" timestamp="24 Mar 2019 07:29:39 GMT" skipped="0">
  <testcase classname="tests.RegisterationTestCasesDttWithJSON" name="registerUSer" time="9.476"/>
</testsuite> <!-- tests.RegisterationTestCasesDttWithJSON -->
