<?xml version="1.0" encoding="UTF-8"?>
<!-- Generated by org.testng.reporters.JUnitReportReporter -->
<testsuite hostname="fox" failures="0" tests="1" name="runner.TestRunner" time="5.667" errors="0" timestamp="03 Apr 2019 09:23:58 GMT" skipped="0">
  <testcase classname="runner.TestRunner" name="feature" time="5.667"/>
</testsuite> <!-- runner.TestRunner -->
