<?xml version="1.0" encoding="UTF-8"?>
<!-- Generated by org.testng.reporters.JUnitReportReporter -->
<testsuite hostname="DESKTOP-RC23JAH" failures="0" tests="1" name="tests.RegisterationTestCasesDttWithFaker" time="9.213" errors="0" timestamp="25 Mar 2019 06:28:43 GMT" skipped="0">
  <testcase classname="tests.RegisterationTestCasesDttWithFaker" name="registerUSer" time="9.213"/>
</testsuite> <!-- tests.RegisterationTestCasesDttWithFaker -->
