<?xml version="1.0" encoding="UTF-8"?>
<!-- Generated by org.testng.reporters.JUnitReportReporter -->
<testsuite hostname="FoxLap" failures="0" tests="1" name="tests.LoginPageTestCase" time="5.654" errors="0" timestamp="12 Mar 2019 21:18:46 GMT" skipped="0">
  <testcase classname="tests.LoginPageTestCase" name="loginignWithCorrectUserCreditintials" time="5.654"/>
</testsuite> <!-- tests.LoginPageTestCase -->
