<?xml version="1.0" encoding="UTF-8"?>
<!-- Generated by org.testng.reporters.JUnitReportReporter -->
<testsuite hostname="FoxLap" failures="0" tests="1" name="tests.ContactUsTestCase" time="11.926" errors="0" timestamp="13 Mar 2019 21:50:35 GMT" skipped="0">
  <testcase classname="tests.ContactUsTestCase" name="scrollDown" time="11.926"/>
</testsuite> <!-- tests.ContactUsTestCase -->
