<?xml version="1.0" encoding="UTF-8"?>
<!-- Generated by org.testng.reporters.JUnitReportReporter -->
<testsuite hostname="FoxLap" failures="0" tests="1" name="tests.RegisterationTestCases" time="8.319" errors="0" timestamp="13 Mar 2019 23:14:16 GMT" skipped="0">
  <testcase classname="tests.RegisterationTestCases" name="registerUSer" time="8.319"/>
</testsuite> <!-- tests.RegisterationTestCases -->
