<?xml version="1.0" encoding="UTF-8"?>
<!-- Generated by org.testng.reporters.JUnitReportReporter -->
<testsuite skipped="0" hostname="DESKTOP-RC23JAH" name="tests.EmailProductToAFriend" tests="3" failures="0" timestamp="14 Mar 2019 06:55:12 GMT" time="17.954" errors="0">
  <testcase name="registerUSer" time="9.125" classname="tests.EmailProductToAFriend"/>
  <testcase name="findMacAutoComplete" time="7.219" classname="tests.EmailProductToAFriend"/>
  <testcase name="emailingCases" time="1.610" classname="tests.EmailProductToAFriend"/>
</testsuite> <!-- tests.EmailProductToAFriend -->
